<?xml version="1.0" encoding="UTF-8"?>
<!-- Generated by org.testng.reporters.JUnitReportReporter -->
<testsuite skipped="0" hostname="basem-PC" name="Shopping_Cart.TC_03_Increase_Quantity_For_Product" tests="1" failures="0" timestamp="2023-12-17T14:41:27 EET" time="40.396" errors="0">
  <testcase name="TC_03" time="40.396" classname="Shopping_Cart.TC_03_Increase_Quantity_For_Product"/>
</testsuite> <!-- Shopping_Cart.TC_03_Increase_Quantity_For_Product -->
