<?xml version="1.0" encoding="UTF-8"?>
<!-- Generated by org.testng.reporters.JUnitReportReporter -->
<testsuite skipped="0" hostname="basem-PC" name="Register.TC_02_Register_Using_InValid_Email_Format" tests="4" failures="0" timestamp="2023-12-17T13:05:49 EET" time="19.390" errors="0">
  <testcase name="TC_02" time="2.804" classname="Register.TC_02_Register_Using_InValid_Email_Format"/>
  <testcase name="TC_02" time="3.291" classname="Register.TC_02_Register_Using_InValid_Email_Format"/>
  <testcase name="TC_02" time="3.029" classname="Register.TC_02_Register_Using_InValid_Email_Format"/>
  <testcase name="TC_02" time="10.266" classname="Register.TC_02_Register_Using_InValid_Email_Format"/>
</testsuite> <!-- Register.TC_02_Register_Using_InValid_Email_Format -->
