<?xml version="1.0" encoding="UTF-8"?>
<!-- Generated by org.testng.reporters.JUnitReportReporter -->
<testsuite skipped="0" hostname="basem-PC" name="Shopping_Cart.TC_01_Add_Product_To_Shopping_Cart" tests="1" failures="0" timestamp="2023-12-17T15:23:43 EET" time="20.723" errors="0">
  <testcase name="TC_01" time="20.723" classname="Shopping_Cart.TC_01_Add_Product_To_Shopping_Cart"/>
</testsuite> <!-- Shopping_Cart.TC_01_Add_Product_To_Shopping_Cart -->
